# JRE version: OpenJDK Runtime Environment Temurin-21.0.10+7 (21.0.10+7) (build 21.0.10+7-LTS)
# Java VM: OpenJDK 64-Bit Server VM Temurin-21.0.10+7 (21.0.10+7-LTS, mixed mode, sharing, tiered, compressed oops, compressed class ptrs, parallel gc, windows-amd64)
GC Precious Log:
 CardTable entry size: 512
 CPUs: 12 total, 12 available
 Memory: 7896M
 Large Page Support: Disabled
 NUMA Support: Disabled
 Compressed Oops: Enabled (32-bit)
 Alignments: Space 512K, Generation 512K, Heap 2M
 Heap Min Capacity: 100M
 Heap Initial Capacity: 100M
 Heap Max Capacity: 2G
 Pre-touch: Disabled
 Parallel Workers: 10
Heap:
 PSYoungGen      total 11264K, used 8265K [0x00000000d5580000, 0x00000000d6180000, 0x0000000100000000)
  eden space 10240K, 80% used [0x00000000d5580000,0x00000000d5d924e8,0x00000000d5f80000)
  from space 1024K, 0% used [0x00000000d5f80000,0x00000000d5f80000,0x00000000d6080000)
  to   space 1024K, 0% used [0x00000000d6080000,0x00000000d6080000,0x00000000d6180000)
 ParOldGen       total 87040K, used 71051K [0x0000000080000000, 0x0000000085500000, 0x00000000d5580000)
  object space 87040K, 81% used [0x0000000080000000,0x0000000084562e30,0x0000000085500000)
 Metaspace       used 58541K, committed 59904K, reserved 1114112K
  class space    used 6245K, committed 6848K, reserved 1048576K
GC Heap History (20 events):
Event: 55.806 GC heap before
{Heap before GC invocations=73 (full 2):
 PSYoungGen      total 12288K, used 11985K [0x00000000d5580000, 0x00000000d6380000, 0x0000000100000000)
  eden space 10240K, 100% used [0x00000000d5580000,0x00000000d5f80000,0x00000000d5f80000)
  from space 2048K, 85% used [0x00000000d6180000,0x00000000d63345f0,0x00000000d6380000)
  to   space 2048K, 0% used [0x00000000d5f80000,0x00000000d5f80000,0x00000000d6180000)
 ParOldGen       total 81920K, used 81600K [0x0000000080000000, 0x0000000085000000, 0x00000000d5580000)
  object space 81920K, 99% used [0x0000000080000000,0x0000000084fb02d8,0x0000000085000000)
 Metaspace       used 57176K, committed 58560K, reserved 1114112K
  class space    used 6128K, committed 6720K, reserved 1048576K
}
Event: 55.813 GC heap after
{Heap after GC invocations=73 (full 2):
 PSYoungGen      total 11264K, used 880K [0x00000000d5580000, 0x00000000d6280000, 0x0000000100000000)
  eden space 10240K, 0% used [0x00000000d5580000,0x00000000d5580000,0x00000000d5f80000)
  from space 1024K, 85% used [0x00000000d5f80000,0x00000000d605c010,0x00000000d6080000)
  to   space 1536K, 0% used [0x00000000d6100000,0x00000000d6100000,0x00000000d6280000)
 ParOldGen       total 83456K, used 83011K [0x0000000080000000, 0x0000000085180000, 0x00000000d5580000)
  object space 83456K, 99% used [0x0000000080000000,0x0000000085110fc0,0x0000000085180000)
 Metaspace       used 57176K, committed 58560K, reserved 1114112K
  class space    used 6128K, committed 6720K, reserved 1048576K
}
Event: 55.862 GC heap before
{Heap before GC invocations=74 (full 2):
 PSYoungGen      total 11264K, used 11120K [0x00000000d5580000, 0x00000000d6280000, 0x0000000100000000)
  eden space 10240K, 100% used [0x00000000d5580000,0x00000000d5f80000,0x00000000d5f80000)
  from space 1024K, 85% used [0x00000000d5f80000,0x00000000d605c010,0x00000000d6080000)
  to   space 1536K, 0% used [0x00000000d6100000,0x00000000d6100000,0x00000000d6280000)
 ParOldGen       total 83456K, used 83011K [0x0000000080000000, 0x0000000085180000, 0x00000000d5580000)
  object space 83456K, 99% used [0x0000000080000000,0x0000000085110fc0,0x0000000085180000)
 Metaspace       used 57190K, committed 58560K, reserved 1114112K
  class space    used 6129K, committed 6720K, reserved 1048576K
}
Event: 55.865 GC heap after
{Heap after GC invocations=74 (full 2):
 PSYoungGen      total 11264K, used 544K [0x00000000d5580000, 0x00000000d6200000, 0x0000000100000000)
  eden space 10240K, 0% used [0x00000000d5580000,0x00000000d5580000,0x00000000d5f80000)
  from space 1024K, 53% used [0x00000000d6100000,0x00000000d6188000,0x00000000d6200000)
  to   space 1024K, 0% used [0x00000000d5f80000,0x00000000d5f80000,0x00000000d6080000)
 ParOldGen       total 83968K, used 83751K [0x0000000080000000, 0x0000000085200000, 0x00000000d5580000)
  object space 83968K, 99% used [0x0000000080000000,0x00000000851c9fe8,0x0000000085200000)
 Metaspace       used 57190K, committed 58560K, reserved 1114112K
  class space    used 6129K, committed 6720K, reserved 1048576K
}
Event: 56.126 GC heap before
{Heap before GC invocations=75 (full 2):
 PSYoungGen      total 11264K, used 10784K [0x00000000d5580000, 0x00000000d6200000, 0x0000000100000000)
  eden space 10240K, 100% used [0x00000000d5580000,0x00000000d5f80000,0x00000000d5f80000)
  from space 1024K, 53% used [0x00000000d6100000,0x00000000d6188000,0x00000000d6200000)
  to   space 1024K, 0% used [0x00000000d5f80000,0x00000000d5f80000,0x00000000d6080000)
 ParOldGen       total 83968K, used 83751K [0x0000000080000000, 0x0000000085200000, 0x00000000d5580000)
  object space 83968K, 99% used [0x0000000080000000,0x00000000851c9fe8,0x0000000085200000)
 Metaspace       used 57297K, committed 58624K, reserved 1114112K
  class space    used 6130K, committed 6720K, reserved 1048576K
}
Event: 56.129 GC heap after
{Heap after GC invocations=75 (full 2):
 PSYoungGen      total 11264K, used 448K [0x00000000d5580000, 0x00000000d6180000, 0x0000000100000000)
  eden space 10240K, 0% used [0x00000000d5580000,0x00000000d5580000,0x00000000d5f80000)
  from space 1024K, 43% used [0x00000000d5f80000,0x00000000d5ff0000,0x00000000d6080000)
  to   space 1024K, 0% used [0x00000000d6080000,0x00000000d6080000,0x00000000d6180000)
 ParOldGen       total 84480K, used 84151K [0x0000000080000000, 0x0000000085280000, 0x00000000d5580000)
  object space 84480K, 99% used [0x0000000080000000,0x000000008522dfe8,0x0000000085280000)
 Metaspace       used 57297K, committed 58624K, reserved 1114112K
  class space    used 6130K, committed 6720K, reserved 1048576K
}
Event: 58.198 GC heap before
{Heap before GC invocations=76 (full 2):
 PSYoungGen      total 11264K, used 10688K [0x00000000d5580000, 0x00000000d6180000, 0x0000000100000000)
  eden space 10240K, 100% used [0x00000000d5580000,0x00000000d5f80000,0x00000000d5f80000)
  from space 1024K, 43% used [0x00000000d5f80000,0x00000000d5ff0000,0x00000000d6080000)
  to   space 1024K, 0% used [0x00000000d6080000,0x00000000d6080000,0x00000000d6180000)
 ParOldGen       total 84480K, used 84151K [0x0000000080000000, 0x0000000085280000, 0x00000000d5580000)
  object space 84480K, 99% used [0x0000000080000000,0x000000008522dfe8,0x0000000085280000)
 Metaspace       used 57458K, committed 58816K, reserved 1114112K
  class space    used 6130K, committed 6720K, reserved 1048576K
}
Event: 58.201 GC heap after
{Heap after GC invocations=76 (full 2):
 PSYoungGen      total 11264K, used 608K [0x00000000d5580000, 0x00000000d6180000, 0x0000000100000000)
  eden space 10240K, 0% used [0x00000000d5580000,0x00000000d5580000,0x00000000d5f80000)
  from space 1024K, 59% used [0x00000000d6080000,0x00000000d6118000,0x00000000d6180000)
  to   space 1024K, 0% used [0x00000000d5f80000,0x00000000d5f80000,0x00000000d6080000)
 ParOldGen       total 84480K, used 84439K [0x0000000080000000, 0x0000000085280000, 0x00000000d5580000)
  object space 84480K, 99% used [0x0000000080000000,0x0000000085275fe8,0x0000000085280000)
 Metaspace       used 57458K, committed 58816K, reserved 1114112K
  class space    used 6130K, committed 6720K, reserved 1048576K
}
Event: 58.685 GC heap before
{Heap before GC invocations=77 (full 2):
 PSYoungGen      total 11264K, used 10848K [0x00000000d5580000, 0x00000000d6180000, 0x0000000100000000)
  eden space 10240K, 100% used [0x00000000d5580000,0x00000000d5f80000,0x00000000d5f80000)
  from space 1024K, 59% used [0x00000000d6080000,0x00000000d6118000,0x00000000d6180000)
  to   space 1024K, 0% used [0x00000000d5f80000,0x00000000d5f80000,0x00000000d6080000)
 ParOldGen       total 84480K, used 84439K [0x0000000080000000, 0x0000000085280000, 0x00000000d5580000)
  object space 84480K, 99% used [0x0000000080000000,0x0000000085275fe8,0x0000000085280000)
 Metaspace       used 57473K, committed 58816K, reserved 1114112K
  class space    used 6130K, committed 6720K, reserved 1048576K
}
Event: 58.690 GC heap after
{Heap after GC invocations=77 (full 2):
 PSYoungGen      total 11264K, used 544K [0x00000000d5580000, 0x00000000d6180000, 0x0000000100000000)
  eden space 10240K, 0% used [0x00000000d5580000,0x00000000d5580000,0x00000000d5f80000)
  from space 1024K, 53% used [0x00000000d5f80000,0x00000000d6008000,0x00000000d6080000)
  to   space 1024K, 0% used [0x00000000d6080000,0x00000000d6080000,0x00000000d6180000)
 ParOldGen       total 84992K, used 84931K [0x0000000080000000, 0x0000000085300000, 0x00000000d5580000)
  object space 84992K, 99% used [0x0000000080000000,0x00000000852f0ff8,0x0000000085300000)
 Metaspace       used 57473K, committed 58816K, reserved 1114112K
  class space    used 6130K, committed 6720K, reserved 1048576K
}
Event: 59.588 GC heap before
{Heap before GC invocations=78 (full 2):
 PSYoungGen      total 11264K, used 10784K [0x00000000d5580000, 0x00000000d6180000, 0x0000000100000000)
  eden space 10240K, 100% used [0x00000000d5580000,0x00000000d5f80000,0x00000000d5f80000)
  from space 1024K, 53% used [0x00000000d5f80000,0x00000000d6008000,0x00000000d6080000)
  to   space 1024K, 0% used [0x00000000d6080000,0x00000000d6080000,0x00000000d6180000)
 ParOldGen       total 84992K, used 84931K [0x0000000080000000, 0x0000000085300000, 0x00000000d5580000)
  object space 84992K, 99% used [0x0000000080000000,0x00000000852f0ff8,0x0000000085300000)
 Metaspace       used 57492K, committed 58816K, reserved 1114112K
  class space    used 6130K, committed 6720K, reserved 1048576K
}
Event: 59.594 GC heap after
{Heap after GC invocations=78 (full 2):
 PSYoungGen      total 11264K, used 496K [0x00000000d5580000, 0x00000000d6180000, 0x0000000100000000)
  eden space 10240K, 0% used [0x00000000d5580000,0x00000000d5580000,0x00000000d5f80000)
  from space 1024K, 48% used [0x00000000d6080000,0x00000000d60fc010,0x00000000d6180000)
  to   space 1024K, 0% used [0x00000000d5f80000,0x00000000d5f80000,0x00000000d6080000)
 ParOldGen       total 85504K, used 85315K [0x0000000080000000, 0x0000000085380000, 0x00000000d5580000)
  object space 85504K, 99% used [0x0000000080000000,0x0000000085350f58,0x0000000085380000)
 Metaspace       used 57492K, committed 58816K, reserved 1114112K
  class space    used 6130K, committed 6720K, reserved 1048576K
}
Event: 61.173 GC heap before
{Heap before GC invocations=79 (full 2):
 PSYoungGen      total 11264K, used 10736K [0x00000000d5580000, 0x00000000d6180000, 0x0000000100000000)
  eden space 10240K, 100% used [0x00000000d5580000,0x00000000d5f80000,0x00000000d5f80000)
  from space 1024K, 48% used [0x00000000d6080000,0x00000000d60fc010,0x00000000d6180000)
  to   space 1024K, 0% used [0x00000000d5f80000,0x00000000d5f80000,0x00000000d6080000)
 ParOldGen       total 85504K, used 85315K [0x0000000080000000, 0x0000000085380000, 0x00000000d5580000)
  object space 85504K, 99% used [0x0000000080000000,0x0000000085350f58,0x0000000085380000)
 Metaspace       used 57521K, committed 58880K, reserved 1114112K
  class space    used 6132K, committed 6720K, reserved 1048576K
}
Event: 61.177 GC heap after
{Heap after GC invocations=79 (full 2):
 PSYoungGen      total 11264K, used 560K [0x00000000d5580000, 0x00000000d6180000, 0x0000000100000000)
  eden space 10240K, 0% used [0x00000000d5580000,0x00000000d5580000,0x00000000d5f80000)
  from space 1024K, 54% used [0x00000000d5f80000,0x00000000d600c010,0x00000000d6080000)
  to   space 1024K, 0% used [0x00000000d6080000,0x00000000d6080000,0x00000000d6180000)
 ParOldGen       total 86016K, used 85667K [0x0000000080000000, 0x0000000085400000, 0x00000000d5580000)
  object space 86016K, 99% used [0x0000000080000000,0x00000000853a8f88,0x0000000085400000)
 Metaspace       used 57521K, committed 58880K, reserved 1114112K
  class space    used 6132K, committed 6720K, reserved 1048576K
}
Event: 72.130 GC heap before
{Heap before GC invocations=80 (full 2):
 PSYoungGen      total 11264K, used 10800K [0x00000000d5580000, 0x00000000d6180000, 0x0000000100000000)
  eden space 10240K, 100% used [0x00000000d5580000,0x00000000d5f80000,0x00000000d5f80000)
  from space 1024K, 54% used [0x00000000d5f80000,0x00000000d600c010,0x00000000d6080000)
  to   space 1024K, 0% used [0x00000000d6080000,0x00000000d6080000,0x00000000d6180000)
 ParOldGen       total 86016K, used 85667K [0x0000000080000000, 0x0000000085400000, 0x00000000d5580000)
  object space 86016K, 99% used [0x0000000080000000,0x00000000853a8f88,0x0000000085400000)
 Metaspace       used 58196K, committed 59584K, reserved 1114112K
  class space    used 6214K, committed 6848K, reserved 1048576K
}
Event: 72.137 GC heap after
{Heap after GC invocations=80 (full 2):
 PSYoungGen      total 11264K, used 951K [0x00000000d5580000, 0x00000000d6180000, 0x0000000100000000)
  eden space 10240K, 0% used [0x00000000d5580000,0x00000000d5580000,0x00000000d5f80000)
  from space 1024K, 92% used [0x00000000d6080000,0x00000000d616df00,0x00000000d6180000)
  to   space 1024K, 0% used [0x00000000d5f80000,0x00000000d5f80000,0x00000000d6080000)
 ParOldGen       total 86528K, used 86062K [0x0000000080000000, 0x0000000085480000, 0x00000000d5580000)
  object space 86528K, 99% used [0x0000000080000000,0x000000008540b860,0x0000000085480000)
 Metaspace       used 58196K, committed 59584K, reserved 1114112K
  class space    used 6214K, committed 6848K, reserved 1048576K
}
Event: 82.300 GC heap before
{Heap before GC invocations=81 (full 2):
 PSYoungGen      total 11264K, used 7727K [0x00000000d5580000, 0x00000000d6180000, 0x0000000100000000)
  eden space 10240K, 66% used [0x00000000d5580000,0x00000000d5c1df58,0x00000000d5f80000)
  from space 1024K, 92% used [0x00000000d6080000,0x00000000d616df00,0x00000000d6180000)
  to   space 1024K, 0% used [0x00000000d5f80000,0x00000000d5f80000,0x00000000d6080000)
 ParOldGen       total 86528K, used 86062K [0x0000000080000000, 0x0000000085480000, 0x00000000d5580000)
  object space 86528K, 99% used [0x0000000080000000,0x000000008540b860,0x0000000085480000)
 Metaspace       used 58451K, committed 59776K, reserved 1114112K
  class space    used 6244K, committed 6848K, reserved 1048576K
}
Event: 82.336 GC heap after
{Heap after GC invocations=81 (full 2):
 PSYoungGen      total 11264K, used 692K [0x00000000d5580000, 0x00000000d6180000, 0x0000000100000000)
  eden space 10240K, 0% used [0x00000000d5580000,0x00000000d5580000,0x00000000d5f80000)
  from space 1024K, 67% used [0x00000000d5f80000,0x00000000d602d228,0x00000000d6080000)
  to   space 1024K, 0% used [0x00000000d6080000,0x00000000d6080000,0x00000000d6180000)
 ParOldGen       total 87040K, used 86821K [0x0000000080000000, 0x0000000085500000, 0x00000000d5580000)
  object space 87040K, 99% used [0x0000000080000000,0x00000000854c9770,0x0000000085500000)
 Metaspace       used 58451K, committed 59776K, reserved 1114112K
  class space    used 6244K, committed 6848K, reserved 1048576K
}
Event: 82.336 GC heap before
{Heap before GC invocations=82 (full 3):
 PSYoungGen      total 11264K, used 692K [0x00000000d5580000, 0x00000000d6180000, 0x0000000100000000)
  eden space 10240K, 0% used [0x00000000d5580000,0x00000000d5580000,0x00000000d5f80000)
  from space 1024K, 67% used [0x00000000d5f80000,0x00000000d602d228,0x00000000d6080000)
  to   space 1024K, 0% used [0x00000000d6080000,0x00000000d6080000,0x00000000d6180000)
 ParOldGen       total 87040K, used 86821K [0x0000000080000000, 0x0000000085500000, 0x00000000d5580000)
  object space 87040K, 99% used [0x0000000080000000,0x00000000854c9770,0x0000000085500000)
 Metaspace       used 58451K, committed 59776K, reserved 1114112K
  class space    used 6244K, committed 6848K, reserved 1048576K
}
Event: 86.871 GC heap after
{Heap after GC invocations=82 (full 3):
 PSYoungGen      total 11264K, used 0K [0x00000000d5580000, 0x00000000d6180000, 0x0000000100000000)
  eden space 10240K, 0% used [0x00000000d5580000,0x00000000d5580000,0x00000000d5f80000)
  from space 1024K, 0% used [0x00000000d5f80000,0x00000000d5f80000,0x00000000d6080000)
  to   space 1024K, 0% used [0x00000000d6080000,0x00000000d6080000,0x00000000d6180000)
 ParOldGen       total 87040K, used 71051K [0x0000000080000000, 0x0000000085500000, 0x00000000d5580000)
  object space 87040K, 81% used [0x0000000080000000,0x0000000084562e30,0x0000000085500000)
 Metaspace       used 58445K, committed 59776K, reserved 1114112K
  class space    used 6242K, committed 6848K, reserved 1048576K
}

