# JRE version: Java(TM) SE Runtime Environment (23.0.1+11) (build 23.0.1+11-39)
# Java VM: Java HotSpot(TM) 64-Bit Server VM (23.0.1+11-39, mixed mode, sharing, tiered, compressed oops, compressed class ptrs, g1 gc, windows-amd64)
GC Precious Log:
 CardTable entry size: 512
 Card Set container configuration: InlinePtr #cards 5 size 8 Array Of Cards #cards 10 size 36 Howl #buckets 4 coarsen threshold 1843 Howl Bitmap #cards 512 size 80 coarsen threshold 460 Card regions per heap region 1 cards per card region 2048
 CPUs: 12 total, 12 available
 Memory: 7896M
 Large Page Support: Disabled
 NUMA Support: Disabled
 Compressed Oops: Enabled (32-bit)
 Heap Region Size: 1M
 Heap Min Capacity: 8M
 Heap Initial Capacity: 124M
 Heap Max Capacity: 1976M
 Pre-touch: Disabled
 Parallel Workers: 10
 Concurrent Workers: 3
 Concurrent Refinement Workers: 10
 Periodic GC: Disabled
Heap:
 garbage-first heap   total reserved 2023424K, committed 133120K, used 89440K [0x0000000084800000, 0x0000000100000000)
  region size 1024K, 44 young (45056K), 5 survivors (5120K)
 Metaspace       used 32951K, committed 33472K, reserved 1114112K
  class space    used 3785K, committed 4032K, reserved 1048576K
GC Heap History (20 events):
Event: 17.606 GC heap before
{Heap before GC invocations=4 (full 0):
 garbage-first heap   total reserved 2023424K, committed 126976K, used 109867K [0x0000000084800000, 0x0000000100000000)
  region size 1024K, 66 young (67584K), 6 survivors (6144K)
 Metaspace       used 18930K, committed 19264K, reserved 1114112K
  class space    used 2228K, committed 2368K, reserved 1048576K
}
Event: 17.642 GC heap after
{Heap after GC invocations=5 (full 0):
 garbage-first heap   total reserved 2023424K, committed 126976K, used 17757K [0x0000000084800000, 0x0000000100000000)
  region size 1024K, 4 young (4096K), 4 survivors (4096K)
 Metaspace       used 18930K, committed 19264K, reserved 1114112K
  class space    used 2228K, committed 2368K, reserved 1048576K
}
Event: 19.464 GC heap before
{Heap before GC invocations=5 (full 0):
 garbage-first heap   total reserved 2023424K, committed 126976K, used 39261K [0x0000000084800000, 0x0000000100000000)
  region size 1024K, 22 young (22528K), 4 survivors (4096K)
 Metaspace       used 21208K, committed 21504K, reserved 1114112K
  class space    used 2543K, committed 2688K, reserved 1048576K
}
Event: 19.495 GC heap after
{Heap after GC invocations=6 (full 0):
 garbage-first heap   total reserved 2023424K, committed 126976K, used 25963K [0x0000000084800000, 0x0000000100000000)
  region size 1024K, 8 young (8192K), 8 survivors (8192K)
 Metaspace       used 21208K, committed 21504K, reserved 1114112K
  class space    used 2543K, committed 2688K, reserved 1048576K
}
Event: 28.206 GC heap before
{Heap before GC invocations=7 (full 0):
 garbage-first heap   total reserved 2023424K, committed 89088K, used 87403K [0x0000000084800000, 0x0000000100000000)
  region size 1024K, 68 young (69632K), 8 survivors (8192K)
 Metaspace       used 26860K, committed 27264K, reserved 1114112K
  class space    used 3145K, committed 3328K, reserved 1048576K
}
Event: 28.320 GC heap after
{Heap after GC invocations=8 (full 0):
 garbage-first heap   total reserved 2023424K, committed 110592K, used 38656K [0x0000000084800000, 0x0000000100000000)
  region size 1024K, 9 young (9216K), 9 survivors (9216K)
 Metaspace       used 26860K, committed 27264K, reserved 1114112K
  class space    used 3145K, committed 3328K, reserved 1048576K
}
Event: 34.925 GC heap before
{Heap before GC invocations=8 (full 0):
 garbage-first heap   total reserved 2023424K, committed 110592K, used 82688K [0x0000000084800000, 0x0000000100000000)
  region size 1024K, 53 young (54272K), 9 survivors (9216K)
 Metaspace       used 29240K, committed 29696K, reserved 1114112K
  class space    used 3410K, committed 3648K, reserved 1048576K
}
Event: 34.987 GC heap after
{Heap after GC invocations=9 (full 0):
 garbage-first heap   total reserved 2023424K, committed 110592K, used 40811K [0x0000000084800000, 0x0000000100000000)
  region size 1024K, 2 young (2048K), 2 survivors (2048K)
 Metaspace       used 29240K, committed 29696K, reserved 1114112K
  class space    used 3410K, committed 3648K, reserved 1048576K
}
Event: 38.629 GC heap before
{Heap before GC invocations=9 (full 0):
 garbage-first heap   total reserved 2023424K, committed 110592K, used 87915K [0x0000000084800000, 0x0000000100000000)
  region size 1024K, 48 young (49152K), 2 survivors (2048K)
 Metaspace       used 30056K, committed 30656K, reserved 1114112K
  class space    used 3501K, committed 3776K, reserved 1048576K
}
Event: 38.666 GC heap after
{Heap after GC invocations=10 (full 0):
 garbage-first heap   total reserved 2023424K, committed 110592K, used 43204K [0x0000000084800000, 0x0000000100000000)
  region size 1024K, 5 young (5120K), 5 survivors (5120K)
 Metaspace       used 30056K, committed 30656K, reserved 1114112K
  class space    used 3501K, committed 3776K, reserved 1048576K
}
Event: 39.934 GC heap before
{Heap before GC invocations=10 (full 0):
 garbage-first heap   total reserved 2023424K, committed 110592K, used 90308K [0x0000000084800000, 0x0000000100000000)
  region size 1024K, 51 young (52224K), 5 survivors (5120K)
 Metaspace       used 30189K, committed 30784K, reserved 1114112K
  class space    used 3509K, committed 3776K, reserved 1048576K
}
Event: 39.984 GC heap after
{Heap after GC invocations=11 (full 0):
 garbage-first heap   total reserved 2023424K, committed 110592K, used 45545K [0x0000000084800000, 0x0000000100000000)
  region size 1024K, 5 young (5120K), 5 survivors (5120K)
 Metaspace       used 30189K, committed 30784K, reserved 1114112K
  class space    used 3509K, committed 3776K, reserved 1048576K
}
Event: 41.327 GC heap before
{Heap before GC invocations=11 (full 0):
 garbage-first heap   total reserved 2023424K, committed 110592K, used 92649K [0x0000000084800000, 0x0000000100000000)
  region size 1024K, 51 young (52224K), 5 survivors (5120K)
 Metaspace       used 30256K, committed 30784K, reserved 1114112K
  class space    used 3515K, committed 3776K, reserved 1048576K
}
Event: 41.368 GC heap after
{Heap after GC invocations=12 (full 0):
 garbage-first heap   total reserved 2023424K, committed 133120K, used 47673K [0x0000000084800000, 0x0000000100000000)
  region size 1024K, 5 young (5120K), 5 survivors (5120K)
 Metaspace       used 30256K, committed 30784K, reserved 1114112K
  class space    used 3515K, committed 3776K, reserved 1048576K
}
Event: 44.397 GC heap before
{Heap before GC invocations=12 (full 0):
 garbage-first heap   total reserved 2023424K, committed 133120K, used 111161K [0x0000000084800000, 0x0000000100000000)
  region size 1024K, 67 young (68608K), 5 survivors (5120K)
 Metaspace       used 30355K, committed 30912K, reserved 1114112K
  class space    used 3518K, committed 3776K, reserved 1048576K
}
Event: 44.432 GC heap after
{Heap after GC invocations=13 (full 0):
 garbage-first heap   total reserved 2023424K, committed 133120K, used 48378K [0x0000000084800000, 0x0000000100000000)
  region size 1024K, 6 young (6144K), 6 survivors (6144K)
 Metaspace       used 30355K, committed 30912K, reserved 1114112K
  class space    used 3518K, committed 3776K, reserved 1048576K
}
Event: 47.196 GC heap before
{Heap before GC invocations=13 (full 0):
 garbage-first heap   total reserved 2023424K, committed 133120K, used 112890K [0x0000000084800000, 0x0000000100000000)
  region size 1024K, 69 young (70656K), 6 survivors (6144K)
 Metaspace       used 30460K, committed 30976K, reserved 1114112K
  class space    used 3521K, committed 3776K, reserved 1048576K
}
Event: 47.221 GC heap after
{Heap after GC invocations=14 (full 0):
 garbage-first heap   total reserved 2023424K, committed 133120K, used 48782K [0x0000000084800000, 0x0000000100000000)
  region size 1024K, 4 young (4096K), 4 survivors (4096K)
 Metaspace       used 30460K, committed 30976K, reserved 1114112K
  class space    used 3521K, committed 3776K, reserved 1048576K
}
Event: 67.742 GC heap before
{Heap before GC invocations=14 (full 0):
 garbage-first heap   total reserved 2023424K, committed 133120K, used 114318K [0x0000000084800000, 0x0000000100000000)
  region size 1024K, 68 young (69632K), 4 survivors (4096K)
 Metaspace       used 32478K, committed 33088K, reserved 1114112K
  class space    used 3763K, committed 4032K, reserved 1048576K
}
Event: 67.812 GC heap after
{Heap after GC invocations=15 (full 0):
 garbage-first heap   total reserved 2023424K, committed 133120K, used 50528K [0x0000000084800000, 0x0000000100000000)
  region size 1024K, 5 young (5120K), 5 survivors (5120K)
 Metaspace       used 32478K, committed 33088K, reserved 1114112K
  class space    used 3763K, committed 4032K, reserved 1048576K
}

